c:\repozitoryovsy\repozitory\ооп\классarray\debug\vc142.pdb
c:\repozitoryovsy\repozitory\ооп\классarray\debug\vc142.idb
c:\repozitoryovsy\repozitory\ооп\классarray\debug\main.obj
c:\repozitoryovsy\repozitory\ооп\классarray\debug\array.obj
c:\repozitoryovsy\ооп\классarray\debug\vc142.pdb
c:\repozitoryovsy\ооп\классarray\debug\vc142.idb
c:\repozitoryovsy\ооп\классarray\debug\main.obj
c:\repozitoryovsy\ооп\классarray\debug\array.obj
c:\repozitoryovsy\repozitory\ооп\debug\классarray operator overloading.exe
c:\repozitoryovsy\repozitory\ооп\debug\классarray operator overloading.ilk
c:\repozitoryovsy\repozitory\ооп\debug\классarray operator overloading.pdb
c:\repozitoryovsy\ооп\debug\классarray operator overloading.ilk
c:\repozitoryovsy\ооп\debug\классarray operator overloading.exe
c:\repozitoryovsy\ооп\debug\классarray operator overloading.pdb
c:\repozitoryovsy\ооп\классarray\debug\классarr.338d9a45.tlog\cl.command.1.tlog
c:\repozitoryovsy\ооп\классarray\debug\классarr.338d9a45.tlog\cl.read.1.tlog
c:\repozitoryovsy\ооп\классarray\debug\классarr.338d9a45.tlog\cl.write.1.tlog
c:\repozitoryovsy\ооп\классarray\debug\классarr.338d9a45.tlog\link.command.1.tlog
c:\repozitoryovsy\ооп\классarray\debug\классarr.338d9a45.tlog\link.read.1.tlog
c:\repozitoryovsy\ооп\классarray\debug\классarr.338d9a45.tlog\link.write.1.tlog
