c:\repozitoryovsy\repozitory\ооп\project1\debug\vc142.pdb
c:\repozitoryovsy\repozitory\ооп\project1\debug\vc142.idb
c:\repozitoryovsy\repozitory\ооп\project1\debug\main.obj
c:\repozitoryovsy\repozitory\ооп\project1\debug\date.obj
c:\repozitoryovsy\ооп\project1\debug\vc142.pdb
c:\repozitoryovsy\ооп\project1\debug\vc142.idb
c:\repozitoryovsy\ооп\project1\debug\main.obj
c:\repozitoryovsy\ооп\project1\debug\date.obj
c:\repozitoryovsy\repozitory\ооп\debug\operator.ilk
c:\repozitoryovsy\repozitory\ооп\debug\operator.exe
c:\repozitoryovsy\repozitory\ооп\debug\operator.pdb
c:\repozitoryovsy\ооп\debug\operator.ilk
c:\repozitoryovsy\ооп\debug\operator.exe
c:\repozitoryovsy\ооп\debug\operator.pdb
c:\repozitoryovsy\ооп\project1\debug\operator.tlog\cl.command.1.tlog
c:\repozitoryovsy\ооп\project1\debug\operator.tlog\cl.read.1.tlog
c:\repozitoryovsy\ооп\project1\debug\operator.tlog\cl.write.1.tlog
c:\repozitoryovsy\ооп\project1\debug\operator.tlog\link.command.1.tlog
c:\repozitoryovsy\ооп\project1\debug\operator.tlog\link.read.1.tlog
c:\repozitoryovsy\ооп\project1\debug\operator.tlog\link.write.1.tlog
