c:\repozitoryovsy\repozitory\ооп\lists\debug\vc142.pdb
c:\repozitoryovsy\repozitory\ооп\lists\debug\vc142.idb
c:\repozitoryovsy\repozitory\ооп\lists\debug\main.obj
c:\repozitoryovsy\repozitory\ооп\lists\debug\list.obj
d:\шаг учеба\c++\github\stepovsy\ооп\lists\debug\vc142.pdb
d:\шаг учеба\c++\github\stepovsy\ооп\lists\debug\vc142.idb
d:\шаг учеба\c++\github\stepovsy\ооп\lists\debug\main.obj
d:\шаг учеба\c++\github\stepovsy\ооп\lists\debug\list.obj
c:\repozitoryovsy\ооп\lists\debug\vc142.pdb
c:\repozitoryovsy\ооп\lists\debug\vc142.idb
c:\repozitoryovsy\ооп\lists\debug\main.obj
c:\repozitoryovsy\ооп\lists\debug\list.obj
c:\repozitoryovsy\repozitory\ооп\debug\lists.ilk
c:\repozitoryovsy\repozitory\ооп\debug\lists.exe
c:\repozitoryovsy\repozitory\ооп\debug\lists.pdb
d:\шаг учеба\c++\github\stepovsy\ооп\debug\lists.ilk
d:\шаг учеба\c++\github\stepovsy\ооп\debug\lists.exe
d:\шаг учеба\c++\github\stepovsy\ооп\debug\lists.pdb
c:\repozitoryovsy\ооп\debug\lists.ilk
c:\repozitoryovsy\ооп\debug\lists.exe
c:\repozitoryovsy\ооп\debug\lists.pdb
c:\repozitoryovsy\ооп\lists\debug\lists.tlog\cl.command.1.tlog
c:\repozitoryovsy\ооп\lists\debug\lists.tlog\cl.read.1.tlog
c:\repozitoryovsy\ооп\lists\debug\lists.tlog\cl.write.1.tlog
c:\repozitoryovsy\ооп\lists\debug\lists.tlog\link.command.1.tlog
c:\repozitoryovsy\ооп\lists\debug\lists.tlog\link.read.1.tlog
c:\repozitoryovsy\ооп\lists\debug\lists.tlog\link.write.1.tlog
