c:\repozitoryovsy\repozitory\ооп\stek\debug\vc142.pdb
c:\repozitoryovsy\repozitory\ооп\stek\debug\vc142.idb
c:\repozitoryovsy\repozitory\ооп\stek\debug\stack.obj
c:\repozitoryovsy\repozitory\ооп\stek\debug\main.obj
d:\шаг учеба\c++\github\stepovsy\ооп\stek\debug\vc142.pdb
d:\шаг учеба\c++\github\stepovsy\ооп\stek\debug\vc142.idb
d:\шаг учеба\c++\github\stepovsy\ооп\stek\debug\stack.obj
d:\шаг учеба\c++\github\stepovsy\ооп\stek\debug\main.obj
c:\repozitoryovsy\ооп\stek\debug\vc142.pdb
c:\repozitoryovsy\ооп\stek\debug\vc142.idb
c:\repozitoryovsy\ооп\stek\debug\stack.obj
c:\repozitoryovsy\ооп\stek\debug\main.obj
c:\repozitoryovsy\repozitory\ооп\debug\stack.exe
c:\repozitoryovsy\repozitory\ооп\debug\stack.ilk
c:\repozitoryovsy\repozitory\ооп\debug\stack.pdb
d:\шаг учеба\c++\github\stepovsy\ооп\debug\stack.ilk
d:\шаг учеба\c++\github\stepovsy\ооп\debug\stack.exe
d:\шаг учеба\c++\github\stepovsy\ооп\debug\stack.pdb
c:\repozitoryovsy\ооп\debug\stack.ilk
c:\repozitoryovsy\ооп\debug\stack.exe
c:\repozitoryovsy\ооп\debug\stack.pdb
c:\repozitoryovsy\ооп\stek\debug\stack.tlog\cl.command.1.tlog
c:\repozitoryovsy\ооп\stek\debug\stack.tlog\cl.read.1.tlog
c:\repozitoryovsy\ооп\stek\debug\stack.tlog\cl.write.1.tlog
c:\repozitoryovsy\ооп\stek\debug\stack.tlog\link.command.1.tlog
c:\repozitoryovsy\ооп\stek\debug\stack.tlog\link.read.1.tlog
c:\repozitoryovsy\ооп\stek\debug\stack.tlog\link.write.1.tlog
