c:\repozitoryovsy\repozitory\ооп\ооп\debug\vc142.pdb
c:\repozitoryovsy\repozitory\ооп\ооп\debug\vc142.idb
c:\repozitoryovsy\repozitory\ооп\ооп\debug\string.obj
c:\repozitoryovsy\repozitory\ооп\ооп\debug\main.obj
c:\repozitoryovsy\ооп\ооп\debug\vc142.pdb
c:\repozitoryovsy\ооп\ооп\debug\vc142.idb
c:\repozitoryovsy\ооп\ооп\debug\string.obj
c:\repozitoryovsy\ооп\ооп\debug\main.obj
c:\repozitoryovsy\repozitory\ооп\debug\ооп.ilk
c:\repozitoryovsy\repozitory\ооп\debug\ооп.exe
c:\repozitoryovsy\repozitory\ооп\debug\ооп.pdb
c:\repozitoryovsy\ооп\debug\ооп.ilk
c:\repozitoryovsy\ооп\debug\ооп.exe
c:\repozitoryovsy\ооп\debug\ооп.pdb
c:\repozitoryovsy\ооп\ооп\debug\ооп.tlog\cl.command.1.tlog
c:\repozitoryovsy\ооп\ооп\debug\ооп.tlog\cl.read.1.tlog
c:\repozitoryovsy\ооп\ооп\debug\ооп.tlog\cl.write.1.tlog
c:\repozitoryovsy\ооп\ооп\debug\ооп.tlog\link.command.1.tlog
c:\repozitoryovsy\ооп\ооп\debug\ооп.tlog\link.read.1.tlog
c:\repozitoryovsy\ооп\ооп\debug\ооп.tlog\link.write.1.tlog
