c:\repozitoryovsy\repozitory\ооп\class\debug\vc142.pdb
c:\repozitoryovsy\repozitory\ооп\class\debug\vc142.idb
c:\repozitoryovsy\repozitory\ооп\class\debug\test.obj
c:\repozitoryovsy\repozitory\ооп\class\debug\main.obj
c:\repozitoryovsy\ооп\class\debug\vc142.pdb
c:\repozitoryovsy\ооп\class\debug\vc142.idb
c:\repozitoryovsy\ооп\class\debug\test.obj
c:\repozitoryovsy\ооп\class\debug\main.obj
c:\repozitoryovsy\repozitory\ооп\debug\class.exe
c:\repozitoryovsy\repozitory\ооп\debug\class.ilk
c:\repozitoryovsy\repozitory\ооп\debug\class.pdb
c:\repozitoryovsy\ооп\debug\class.ilk
c:\repozitoryovsy\ооп\debug\class.exe
c:\repozitoryovsy\ооп\debug\class.pdb
c:\repozitoryovsy\ооп\class\debug\class.tlog\cl.command.1.tlog
c:\repozitoryovsy\ооп\class\debug\class.tlog\cl.read.1.tlog
c:\repozitoryovsy\ооп\class\debug\class.tlog\cl.write.1.tlog
c:\repozitoryovsy\ооп\class\debug\class.tlog\link.command.1.tlog
c:\repozitoryovsy\ооп\class\debug\class.tlog\link.read.1.tlog
c:\repozitoryovsy\ооп\class\debug\class.tlog\link.write.1.tlog
